<?xml version="1.0" encoding="UTF-8"?>
<!-- Generated by org.testng.reporters.JUnitReportReporter -->
<testsuite hostname="DESKTOP-I99IGI8" failures="0" tests="1" name="testcases.Windowpopup_Test" time="15.808" errors="0" timestamp="2022-11-08T14:17:19 PST" skipped="0">
  <testcase classname="testcases.Windowpopup_Test" name="HandlingPopupWindows" time="15.808"/>
  <system-out/>
</testsuite> <!-- testcases.Windowpopup_Test -->
