<?xml version="1.0" encoding="UTF-8"?>
<!-- Generated by org.testng.reporters.JUnitReportReporter -->
<testsuite hostname="DESKTOP-I99IGI8" failures="0" tests="1" name="testcases.Accountcreation_Test" time="34.247" errors="0" timestamp="2022-11-09T09:53:16 PST" skipped="0">
  <testcase classname="testcases.Accountcreation_Test" name="VERIFYSHARING" time="34.247"/>
  <system-out/>
</testsuite> <!-- testcases.Accountcreation_Test -->
