<?xml version="1.0" encoding="UTF-8"?>
<!-- Generated by org.testng.reporters.JUnitReportReporter -->
<testsuite hostname="DESKTOP-I99IGI8" failures="0" tests="1" name="testcases.Purchaseproducts_Test" time="73.237" errors="0" timestamp="2022-11-10T12:40:49 PST" skipped="0">
  <testcase classname="testcases.Purchaseproducts_Test" name="Productspurchase" time="73.237"/>
  <system-out/>
</testsuite> <!-- testcases.Purchaseproducts_Test -->
