<?xml version="1.0" encoding="UTF-8"?>
<!-- Generated by org.testng.reporters.JUnitReportReporter -->
<testsuite hostname="DESKTOP-I99IGI8" failures="0" tests="1" name="testcases.AddCart_Test" time="26.120" errors="0" timestamp="2022-11-08T08:23:14 PST" skipped="0">
  <testcase classname="testcases.AddCart_Test" name="VerifyCart" time="26.120"/>
  <system-out/>
</testsuite> <!-- testcases.AddCart_Test -->
