<?xml version="1.0" encoding="UTF-8"?>
<!-- Generated by org.testng.reporters.JUnitReportReporter -->
<testsuite hostname="DESKTOP-I99IGI8" failures="0" tests="1" name="testcases.Savepdf_test" time="33.927" errors="0" timestamp="2022-11-10T18:24:23 PST" skipped="0">
  <testcase classname="testcases.Savepdf_test" name="Savefiletopdf" time="33.927"/>
  <system-out/>
</testsuite> <!-- testcases.Savepdf_test -->
