<?xml version="1.0" encoding="UTF-8"?>
<!-- Generated by org.testng.reporters.JUnitReportReporter -->
<testsuite hostname="LAPTOP-I7A4VTPH" failures="0" tests="1" name="testcases.mobilecannotaddtocart_test" time="30.560" errors="0" timestamp="2022-11-08T09:57:38 CST" skipped="0">
  <testcase classname="testcases.mobilecannotaddtocart_test" name="tp01_VerifyMobilecannotaddmoreproducts" time="30.560"/>
  <system-out/>
</testsuite> <!-- testcases.mobilecannotaddtocart_test -->
